<?xml version="1.0" encoding="UTF-8"?>
<!-- Generated by org.testng.reporters.JUnitXMLReporter -->
<testsuite ignored="0" hostname="LP-000873.local" failures="0" tests="6" name="Accounts Page Test" time="14.541" errors="0" timestamp="2025-07-24T11:18:10 IST">
  <testcase classname="com.qa.crm2.tests.AccountsPageTest" name="accPageURLTest" time="0.114"/>
  <testcase classname="com.qa.crm2.tests.AccountsPageTest" name="accPageTitleTest" time="0.126"/>
  <testcase classname="com.qa.crm2.tests.AccountsPageTest" name="isLogoutLinkExistTest" time="0.142"/>
  <testcase classname="com.qa.crm2.tests.AccountsPageTest" name="isMyAccountLinkExistTest" time="0.153"/>
  <testcase classname="com.qa.crm2.tests.AccountsPageTest" name="accPageHeadersTest" time="0.166"/>
  <testcase classname="com.qa.crm2.tests.AccountsPageTest" name="searchTest" time="2.414"/>
</testsuite> <!-- Accounts Page Test -->
