<?xml version="1.0" encoding="UTF-8"?>
<!-- Generated by org.testng.reporters.JUnitXMLReporter -->
<testsuite ignored="0" hostname="LP-000873.local" failures="0" tests="9" name="Login Page Test" time="23.672" errors="0" timestamp="2025-07-21T16:09:13 IST">
  <testcase classname="com.qa.crm2.tests.LoginPageTest" name="forgotPwdLinkExistTest" time="1.421"/>
  <testcase classname="com.qa.crm2.tests.LoginPageTest" name="loginPageTitleTest" time="0.11"/>
  <testcase classname="com.qa.crm2.tests.LoginPageTest" name="loginPageUrlTest" time="0.095"/>
  <testcase classname="com.qa.crm2.tests.AccountsPageTest" name="accPageHeadersTest" time="0.322"/>
  <testcase classname="com.qa.crm2.tests.AccountsPageTest" name="accPageTitleTest" time="0.018"/>
  <testcase classname="com.qa.crm2.tests.AccountsPageTest" name="accPageURLTest" time="0.02"/>
  <testcase classname="com.qa.crm2.tests.AccountsPageTest" name="isLogoutLinkExistTest" time="0.69"/>
  <testcase classname="com.qa.crm2.tests.AccountsPageTest" name="isMyAccountLinkExistTest" time="0.28"/>
  <testcase classname="com.qa.crm2.tests.LoginPageTest" name="loginTest" time="4.312"/>
</testsuite> <!-- Login Page Test -->
