<?xml version="1.0" encoding="UTF-8"?>
<!-- Generated by org.testng.reporters.JUnitXMLReporter -->
<testsuite ignored="0" hostname="LP-000873.local" failures="0" tests="4" name="Search Results Page Test" time="13.75" errors="0" timestamp="2025-07-23T13:58:45 IST">
  <testcase classname="com.qa.crm2.tests.SearchResultsTest" name="searchResultsCountTest" time="1.228"/>
  <testcase classname="com.qa.crm2.tests.SearchResultsTest" name="searchResultsCountTest" time="0.733"/>
  <testcase classname="com.qa.crm2.tests.SearchResultsTest" name="searchResultsCountTest" time="0.7"/>
  <testcase classname="com.qa.crm2.tests.SearchResultsTest" name="searchResultsTest" time="0.519"/>
</testsuite> <!-- Search Results Page Test -->
