<?xml version="1.0" encoding="UTF-8"?>
<!-- Generated by org.testng.reporters.JUnitXMLReporter -->
<testsuite ignored="0" hostname="LP-000873.local" failures="0" tests="13" name="Product Info Page Test" time="82.819" errors="0" timestamp="2025-07-24T14:08:16 IST">
  <testcase classname="com.qa.crm2.tests.ProductPageInfoTest" name="productHeaderTest" time="3.3"/>
  <testcase classname="com.qa.crm2.tests.ProductPageInfoTest" name="productHeaderTest" time="3.422"/>
  <testcase classname="com.qa.crm2.tests.ProductPageInfoTest" name="productHeaderTest" time="3.026"/>
  <testcase classname="com.qa.crm2.tests.ProductPageInfoTest" name="productImagesCountTest" time="2.568"/>
  <testcase classname="com.qa.crm2.tests.ProductPageInfoTest" name="productImagesCountTest" time="3.986"/>
  <testcase classname="com.qa.crm2.tests.ProductPageInfoTest" name="productImagesCountTest" time="4.424"/>
  <testcase classname="com.qa.crm2.tests.ProductPageInfoTest" name="productImagesCountTest" time="5.976"/>
  <testcase classname="com.qa.crm2.tests.ProductPageInfoTest" name="productImagesCountTest" time="3.98"/>
  <testcase classname="com.qa.crm2.tests.ProductPageInfoTest" name="productImagesCountTest" time="3.331"/>
  <testcase classname="com.qa.crm2.tests.ProductPageInfoTest" name="productImagesCountTest" time="3.555"/>
  <testcase classname="com.qa.crm2.tests.ProductPageInfoTest" name="productImagesCountTest" time="2.972"/>
  <testcase classname="com.qa.crm2.tests.ProductPageInfoTest" name="productImagesCountTest" time="4.363"/>
  <testcase classname="com.qa.crm2.tests.ProductPageInfoTest" name="productInfoTest" time="3.526"/>
</testsuite> <!-- Product Info Page Test -->
