<?xml version="1.0" encoding="UTF-8"?>
<testng-results ignored="0" total="1" passed="1" failed="0" skipped="0">
  <reporter-output>
  </reporter-output>
  <suite started-at="2025-07-21T17:11:08 IST" name="Default suite" finished-at="2025-07-21T17:11:32 IST" duration-ms="24224">
    <groups>
    </groups>
    <test started-at="2025-07-21T17:11:08 IST" name="Default test" finished-at="2025-07-21T17:11:32 IST" duration-ms="24224">
      <class name="com.qa.crm2.tests.ProductPageInfoTest">
        <test-method is-config="true" signature="setup()[pri:0, instance:com.qa.crm2.tests.ProductPageInfoTest@4e558728]" started-at="2025-07-21T17:11:08 IST" name="setup" finished-at="2025-07-21T17:11:26 IST" duration-ms="18064" status="PASS">
          <reporter-output>
          </reporter-output>
        </test-method> <!-- setup -->
        <test-method is-config="true" signature="infoPageSetup()[pri:0, instance:com.qa.crm2.tests.ProductPageInfoTest@4e558728]" started-at="2025-07-21T17:11:26 IST" name="infoPageSetup" finished-at="2025-07-21T17:11:29 IST" duration-ms="2683" status="PASS">
          <reporter-output>
          </reporter-output>
        </test-method> <!-- infoPageSetup -->
        <test-method signature="productHeaderTest()[pri:0, instance:com.qa.crm2.tests.ProductPageInfoTest@4e558728]" started-at="2025-07-21T17:11:29 IST" name="productHeaderTest" finished-at="2025-07-21T17:11:32 IST" duration-ms="3055" status="PASS">
          <reporter-output>
          </reporter-output>
        </test-method> <!-- productHeaderTest -->
        <test-method is-config="true" signature="tearDown()[pri:0, instance:com.qa.crm2.tests.ProductPageInfoTest@4e558728]" started-at="2025-07-21T17:11:32 IST" name="tearDown" finished-at="2025-07-21T17:11:32 IST" duration-ms="120" status="PASS">
          <reporter-output>
          </reporter-output>
        </test-method> <!-- tearDown -->
      </class> <!-- com.qa.crm2.tests.ProductPageInfoTest -->
    </test> <!-- Default test -->
  </suite> <!-- Default suite -->
</testng-results>
