<?xml version="1.0" encoding="UTF-8"?>
<testng-results ignored="0" total="30" passed="30" failed="0" skipped="0">
  <reporter-output>
  </reporter-output>
  <suite started-at="2025-07-25T08:50:41 IST" name="Open Cart Regression Suite" finished-at="2025-07-25T08:52:01 IST" duration-ms="80492">
    <groups>
    </groups>
    <test started-at="2025-07-25T08:50:41 IST" name="Accounts Page Test" finished-at="2025-07-25T08:50:58 IST" duration-ms="17605">
      <class name="com.qa.crm2.tests.AccountsPageTest">
        <test-method is-config="true" signature="setup(java.lang.String)[pri:0, instance:com.qa.crm2.tests.AccountsPageTest@329a1f8d]" started-at="2025-07-25T08:50:41 IST" name="setup" finished-at="2025-07-25T08:50:51 IST" duration-ms="10361" status="PASS">
          <params>
            <param index="0">
              <value>
                <![CDATA[firefox]]>
              </value>
            </param>
          </params>
          <reporter-output>
          </reporter-output>
        </test-method> <!-- setup -->
        <test-method is-config="true" signature="accSetup()[pri:0, instance:com.qa.crm2.tests.AccountsPageTest@329a1f8d]" started-at="2025-07-25T08:50:51 IST" name="accSetup" finished-at="2025-07-25T08:50:54 IST" duration-ms="3557" status="PASS">
          <reporter-output>
          </reporter-output>
        </test-method> <!-- accSetup -->
        <test-method signature="accPageHeadersTest()[pri:0, instance:com.qa.crm2.tests.AccountsPageTest@329a1f8d]" started-at="2025-07-25T08:50:54 IST" name="accPageHeadersTest" finished-at="2025-07-25T08:50:55 IST" duration-ms="93" status="PASS">
          <reporter-output>
          </reporter-output>
        </test-method> <!-- accPageHeadersTest -->
        <test-method signature="accPageTitleTest()[pri:0, instance:com.qa.crm2.tests.AccountsPageTest@329a1f8d]" started-at="2025-07-25T08:50:55 IST" name="accPageTitleTest" finished-at="2025-07-25T08:50:55 IST" duration-ms="22" status="PASS">
          <reporter-output>
          </reporter-output>
        </test-method> <!-- accPageTitleTest -->
        <test-method signature="accPageURLTest()[pri:0, instance:com.qa.crm2.tests.AccountsPageTest@329a1f8d]" started-at="2025-07-25T08:50:55 IST" name="accPageURLTest" finished-at="2025-07-25T08:50:55 IST" duration-ms="14" status="PASS">
          <reporter-output>
          </reporter-output>
        </test-method> <!-- accPageURLTest -->
        <test-method signature="isLogoutLinkExistTest()[pri:0, instance:com.qa.crm2.tests.AccountsPageTest@329a1f8d]" started-at="2025-07-25T08:50:55 IST" name="isLogoutLinkExistTest" finished-at="2025-07-25T08:50:55 IST" duration-ms="390" status="PASS">
          <reporter-output>
          </reporter-output>
        </test-method> <!-- isLogoutLinkExistTest -->
        <test-method signature="isMyAccountLinkExistTest()[pri:0, instance:com.qa.crm2.tests.AccountsPageTest@329a1f8d]" started-at="2025-07-25T08:50:55 IST" name="isMyAccountLinkExistTest" finished-at="2025-07-25T08:50:55 IST" duration-ms="430" status="PASS">
          <reporter-output>
          </reporter-output>
        </test-method> <!-- isMyAccountLinkExistTest -->
        <test-method signature="searchTest()[pri:0, instance:com.qa.crm2.tests.AccountsPageTest@329a1f8d]" started-at="2025-07-25T08:50:55 IST" name="searchTest" finished-at="2025-07-25T08:50:57 IST" duration-ms="1969" status="PASS">
          <reporter-output>
          </reporter-output>
        </test-method> <!-- searchTest -->
        <test-method is-config="true" signature="tearDown()[pri:0, instance:com.qa.crm2.tests.AccountsPageTest@329a1f8d]" started-at="2025-07-25T08:50:57 IST" name="tearDown" finished-at="2025-07-25T08:50:58 IST" duration-ms="672" status="PASS">
          <reporter-output>
          </reporter-output>
        </test-method> <!-- tearDown -->
      </class> <!-- com.qa.crm2.tests.AccountsPageTest -->
    </test> <!-- Accounts Page Test -->
    <test started-at="2025-07-25T08:50:41 IST" name="Login Page Test" finished-at="2025-07-25T08:51:02 IST" duration-ms="21253">
      <class name="com.qa.crm2.tests.LoginPageTest">
        <test-method is-config="true" signature="setup(java.lang.String)[pri:0, instance:com.qa.crm2.tests.LoginPageTest@53ed09e8]" started-at="2025-07-25T08:50:41 IST" name="setup" finished-at="2025-07-25T08:50:54 IST" duration-ms="13963" status="PASS">
          <params>
            <param index="0">
              <value>
                <![CDATA[chrome]]>
              </value>
            </param>
          </params>
          <reporter-output>
          </reporter-output>
        </test-method> <!-- setup -->
        <test-method signature="forgotPwdLinkExistTest()[pri:0, instance:com.qa.crm2.tests.LoginPageTest@53ed09e8]" started-at="2025-07-25T08:50:55 IST" name="forgotPwdLinkExistTest" finished-at="2025-07-25T08:50:56 IST" duration-ms="1313" status="PASS">
          <reporter-output>
          </reporter-output>
        </test-method> <!-- forgotPwdLinkExistTest -->
        <test-method signature="loginPageTitleTest()[pri:0, instance:com.qa.crm2.tests.LoginPageTest@53ed09e8]" started-at="2025-07-25T08:50:56 IST" name="loginPageTitleTest" finished-at="2025-07-25T08:50:56 IST" duration-ms="49" status="PASS">
          <reporter-output>
          </reporter-output>
        </test-method> <!-- loginPageTitleTest -->
        <test-method signature="loginPageUrlTest()[pri:0, instance:com.qa.crm2.tests.LoginPageTest@53ed09e8]" started-at="2025-07-25T08:50:56 IST" name="loginPageUrlTest" finished-at="2025-07-25T08:50:56 IST" duration-ms="66" status="PASS">
          <reporter-output>
          </reporter-output>
        </test-method> <!-- loginPageUrlTest -->
        <test-method signature="loginTest()[pri:0, instance:com.qa.crm2.tests.LoginPageTest@53ed09e8]" started-at="2025-07-25T08:50:56 IST" name="loginTest" finished-at="2025-07-25T08:51:02 IST" duration-ms="5731" status="PASS">
          <reporter-output>
          </reporter-output>
        </test-method> <!-- loginTest -->
        <test-method is-config="true" signature="tearDown()[pri:0, instance:com.qa.crm2.tests.LoginPageTest@53ed09e8]" started-at="2025-07-25T08:51:02 IST" name="tearDown" finished-at="2025-07-25T08:51:02 IST" duration-ms="84" status="PASS">
          <reporter-output>
          </reporter-output>
        </test-method> <!-- tearDown -->
      </class> <!-- com.qa.crm2.tests.LoginPageTest -->
    </test> <!-- Login Page Test -->
    <test started-at="2025-07-25T08:50:41 IST" name="Add To Cart Page Test" finished-at="2025-07-25T08:51:02 IST" duration-ms="21873">
      <class name="com.qa.crm2.tests.AddToCartPageTest">
        <test-method is-config="true" signature="setup(java.lang.String)[pri:0, instance:com.qa.crm2.tests.AddToCartPageTest@3f685162]" started-at="2025-07-25T08:50:41 IST" name="setup" finished-at="2025-07-25T08:50:51 IST" duration-ms="10361" status="PASS">
          <params>
            <param index="0">
              <value>
                <![CDATA[firefox]]>
              </value>
            </param>
          </params>
          <reporter-output>
          </reporter-output>
        </test-method> <!-- setup -->
        <test-method is-config="true" signature="infoAddToCartSetup()[pri:0, instance:com.qa.crm2.tests.AddToCartPageTest@3f685162]" started-at="2025-07-25T08:50:51 IST" name="infoAddToCartSetup" finished-at="2025-07-25T08:50:54 IST" duration-ms="3258" status="PASS">
          <reporter-output>
          </reporter-output>
        </test-method> <!-- infoAddToCartSetup -->
        <test-method signature="addToCartPageTitleTest()[pri:0, instance:com.qa.crm2.tests.AddToCartPageTest@3f685162]" started-at="2025-07-25T08:50:54 IST" name="addToCartPageTitleTest" finished-at="2025-07-25T08:51:02 IST" duration-ms="7781" status="PASS">
          <reporter-output>
          </reporter-output>
        </test-method> <!-- addToCartPageTitleTest -->
        <test-method is-config="true" signature="tearDown()[pri:0, instance:com.qa.crm2.tests.AddToCartPageTest@3f685162]" started-at="2025-07-25T08:51:02 IST" name="tearDown" finished-at="2025-07-25T08:51:02 IST" duration-ms="408" status="PASS">
          <reporter-output>
          </reporter-output>
        </test-method> <!-- tearDown -->
      </class> <!-- com.qa.crm2.tests.AddToCartPageTest -->
    </test> <!-- Add To Cart Page Test -->
    <test started-at="2025-07-25T08:50:41 IST" name="Search Results Page Test" finished-at="2025-07-25T08:51:11 IST" duration-ms="30124">
      <class name="com.qa.crm2.tests.SearchResultsTest">
        <test-method is-config="true" signature="setup(java.lang.String)[pri:0, instance:com.qa.crm2.tests.SearchResultsTest@bbf9e07]" started-at="2025-07-25T08:50:41 IST" name="setup" finished-at="2025-07-25T08:50:55 IST" duration-ms="14782" status="PASS">
          <params>
            <param index="0">
              <value>
                <![CDATA[chrome]]>
              </value>
            </param>
          </params>
          <reporter-output>
          </reporter-output>
        </test-method> <!-- setup -->
        <test-method is-config="true" signature="searchResultsSetup()[pri:0, instance:com.qa.crm2.tests.SearchResultsTest@bbf9e07]" started-at="2025-07-25T08:50:55 IST" name="searchResultsSetup" finished-at="2025-07-25T08:51:01 IST" duration-ms="6093" status="PASS">
          <reporter-output>
          </reporter-output>
        </test-method> <!-- searchResultsSetup -->
        <test-method signature="searchResultsCountTest(java.lang.String, int)[pri:0, instance:com.qa.crm2.tests.SearchResultsTest@bbf9e07]" started-at="2025-07-25T08:51:01 IST" name="searchResultsCountTest" data-provider="getProductCountData" finished-at="2025-07-25T08:51:05 IST" duration-ms="3149" status="PASS">
          <params>
            <param index="0">
              <value>
                <![CDATA[macbook]]>
              </value>
            </param>
            <param index="1">
              <value>
                <![CDATA[3]]>
              </value>
            </param>
          </params>
          <reporter-output>
          </reporter-output>
        </test-method> <!-- searchResultsCountTest -->
        <test-method signature="searchResultsCountTest(java.lang.String, int)[pri:0, instance:com.qa.crm2.tests.SearchResultsTest@bbf9e07]" started-at="2025-07-25T08:51:05 IST" name="searchResultsCountTest" data-provider="getProductCountData" finished-at="2025-07-25T08:51:06 IST" duration-ms="1773" status="PASS">
          <params>
            <param index="0">
              <value>
                <![CDATA[imac]]>
              </value>
            </param>
            <param index="1">
              <value>
                <![CDATA[1]]>
              </value>
            </param>
          </params>
          <reporter-output>
          </reporter-output>
        </test-method> <!-- searchResultsCountTest -->
        <test-method signature="searchResultsCountTest(java.lang.String, int)[pri:0, instance:com.qa.crm2.tests.SearchResultsTest@bbf9e07]" started-at="2025-07-25T08:51:06 IST" name="searchResultsCountTest" data-provider="getProductCountData" finished-at="2025-07-25T08:51:08 IST" duration-ms="1677" status="PASS">
          <params>
            <param index="0">
              <value>
                <![CDATA[samsung]]>
              </value>
            </param>
            <param index="1">
              <value>
                <![CDATA[2]]>
              </value>
            </param>
          </params>
          <reporter-output>
          </reporter-output>
        </test-method> <!-- searchResultsCountTest -->
        <test-method signature="searchResultsTest()[pri:0, instance:com.qa.crm2.tests.SearchResultsTest@bbf9e07]" started-at="2025-07-25T08:51:08 IST" name="searchResultsTest" finished-at="2025-07-25T08:51:11 IST" duration-ms="2460" status="PASS">
          <reporter-output>
          </reporter-output>
        </test-method> <!-- searchResultsTest -->
        <test-method is-config="true" signature="tearDown()[pri:0, instance:com.qa.crm2.tests.SearchResultsTest@bbf9e07]" started-at="2025-07-25T08:51:11 IST" name="tearDown" finished-at="2025-07-25T08:51:11 IST" duration-ms="86" status="PASS">
          <reporter-output>
          </reporter-output>
        </test-method> <!-- tearDown -->
      </class> <!-- com.qa.crm2.tests.SearchResultsTest -->
    </test> <!-- Search Results Page Test -->
    <test started-at="2025-07-25T08:50:41 IST" name="Product Info Page Test" finished-at="2025-07-25T08:52:01 IST" duration-ms="80492">
      <class name="com.qa.crm2.tests.ProductPageInfoTest">
        <test-method is-config="true" signature="setup(java.lang.String)[pri:0, instance:com.qa.crm2.tests.ProductPageInfoTest@396ef8b2]" started-at="2025-07-25T08:50:41 IST" name="setup" finished-at="2025-07-25T08:50:54 IST" duration-ms="13810" status="PASS">
          <params>
            <param index="0">
              <value>
                <![CDATA[chrome]]>
              </value>
            </param>
          </params>
          <reporter-output>
          </reporter-output>
        </test-method> <!-- setup -->
        <test-method is-config="true" signature="infoPageSetup()[pri:0, instance:com.qa.crm2.tests.ProductPageInfoTest@396ef8b2]" started-at="2025-07-25T08:50:54 IST" name="infoPageSetup" finished-at="2025-07-25T08:51:01 IST" duration-ms="6854" status="PASS">
          <reporter-output>
          </reporter-output>
        </test-method> <!-- infoPageSetup -->
        <test-method signature="addItemTest()[pri:0, instance:com.qa.crm2.tests.ProductPageInfoTest@396ef8b2]" started-at="2025-07-25T08:51:01 IST" name="addItemTest" finished-at="2025-07-25T08:51:10 IST" duration-ms="8311" status="PASS">
          <reporter-output>
          </reporter-output>
        </test-method> <!-- addItemTest -->
        <test-method signature="productHeaderTest(java.lang.String, java.lang.String)[pri:0, instance:com.qa.crm2.tests.ProductPageInfoTest@396ef8b2]" started-at="2025-07-25T08:51:10 IST" name="productHeaderTest" data-provider="getProductSearchData" finished-at="2025-07-25T08:51:13 IST" duration-ms="3512" status="PASS">
          <params>
            <param index="0">
              <value>
                <![CDATA[macbook]]>
              </value>
            </param>
            <param index="1">
              <value>
                <![CDATA[MacBook Pro]]>
              </value>
            </param>
          </params>
          <reporter-output>
          </reporter-output>
        </test-method> <!-- productHeaderTest -->
        <test-method signature="productHeaderTest(java.lang.String, java.lang.String)[pri:0, instance:com.qa.crm2.tests.ProductPageInfoTest@396ef8b2]" started-at="2025-07-25T08:51:13 IST" name="productHeaderTest" data-provider="getProductSearchData" finished-at="2025-07-25T08:51:16 IST" duration-ms="3266" status="PASS">
          <params>
            <param index="0">
              <value>
                <![CDATA[imac]]>
              </value>
            </param>
            <param index="1">
              <value>
                <![CDATA[iMac]]>
              </value>
            </param>
          </params>
          <reporter-output>
          </reporter-output>
        </test-method> <!-- productHeaderTest -->
        <test-method signature="productHeaderTest(java.lang.String, java.lang.String)[pri:0, instance:com.qa.crm2.tests.ProductPageInfoTest@396ef8b2]" started-at="2025-07-25T08:51:16 IST" name="productHeaderTest" data-provider="getProductSearchData" finished-at="2025-07-25T08:51:19 IST" duration-ms="2979" status="PASS">
          <params>
            <param index="0">
              <value>
                <![CDATA[samsung]]>
              </value>
            </param>
            <param index="1">
              <value>
                <![CDATA[Samsung SyncMaster 941BW]]>
              </value>
            </param>
          </params>
          <reporter-output>
          </reporter-output>
        </test-method> <!-- productHeaderTest -->
        <test-method signature="productHeaderTest(java.lang.String, java.lang.String)[pri:0, instance:com.qa.crm2.tests.ProductPageInfoTest@396ef8b2]" started-at="2025-07-25T08:51:19 IST" name="productHeaderTest" data-provider="getProductSearchData" finished-at="2025-07-25T08:51:22 IST" duration-ms="3019" status="PASS">
          <params>
            <param index="0">
              <value>
                <![CDATA[samsung]]>
              </value>
            </param>
            <param index="1">
              <value>
                <![CDATA[Samsung Galaxy Tab 10.1]]>
              </value>
            </param>
          </params>
          <reporter-output>
          </reporter-output>
        </test-method> <!-- productHeaderTest -->
        <test-method signature="productImagesCountTest(java.lang.String, java.lang.String, int)[pri:0, instance:com.qa.crm2.tests.ProductPageInfoTest@396ef8b2]" started-at="2025-07-25T08:51:22 IST" name="productImagesCountTest" data-provider="getProductImagesData" finished-at="2025-07-25T08:51:25 IST" duration-ms="2712" status="PASS">
          <params>
            <param index="0">
              <value>
                <![CDATA[macbook]]>
              </value>
            </param>
            <param index="1">
              <value>
                <![CDATA[MacBook Pro]]>
              </value>
            </param>
            <param index="2">
              <value>
                <![CDATA[4]]>
              </value>
            </param>
          </params>
          <reporter-output>
          </reporter-output>
        </test-method> <!-- productImagesCountTest -->
        <test-method signature="productImagesCountTest(java.lang.String, java.lang.String, int)[pri:0, instance:com.qa.crm2.tests.ProductPageInfoTest@396ef8b2]" started-at="2025-07-25T08:51:25 IST" name="productImagesCountTest" data-provider="getProductImagesData" finished-at="2025-07-25T08:51:28 IST" duration-ms="2711" status="PASS">
          <params>
            <param index="0">
              <value>
                <![CDATA[imac]]>
              </value>
            </param>
            <param index="1">
              <value>
                <![CDATA[iMac]]>
              </value>
            </param>
            <param index="2">
              <value>
                <![CDATA[3]]>
              </value>
            </param>
          </params>
          <reporter-output>
          </reporter-output>
        </test-method> <!-- productImagesCountTest -->
        <test-method signature="productImagesCountTest(java.lang.String, java.lang.String, int)[pri:0, instance:com.qa.crm2.tests.ProductPageInfoTest@396ef8b2]" started-at="2025-07-25T08:51:28 IST" name="productImagesCountTest" data-provider="getProductImagesData" finished-at="2025-07-25T08:51:31 IST" duration-ms="2930" status="PASS">
          <params>
            <param index="0">
              <value>
                <![CDATA[samsung]]>
              </value>
            </param>
            <param index="1">
              <value>
                <![CDATA[Samsung SyncMaster 941BW]]>
              </value>
            </param>
            <param index="2">
              <value>
                <![CDATA[1]]>
              </value>
            </param>
          </params>
          <reporter-output>
          </reporter-output>
        </test-method> <!-- productImagesCountTest -->
        <test-method signature="productImagesCountTest(java.lang.String, java.lang.String, int)[pri:0, instance:com.qa.crm2.tests.ProductPageInfoTest@396ef8b2]" started-at="2025-07-25T08:51:31 IST" name="productImagesCountTest" data-provider="getProductImagesData" finished-at="2025-07-25T08:51:38 IST" duration-ms="7689" status="PASS">
          <params>
            <param index="0">
              <value>
                <![CDATA[samsung]]>
              </value>
            </param>
            <param index="1">
              <value>
                <![CDATA[Samsung Galaxy Tab 10.1]]>
              </value>
            </param>
            <param index="2">
              <value>
                <![CDATA[7]]>
              </value>
            </param>
          </params>
          <reporter-output>
          </reporter-output>
        </test-method> <!-- productImagesCountTest -->
        <test-method signature="productImagesCountTest(java.lang.String, java.lang.String, java.lang.String)[pri:0, instance:com.qa.crm2.tests.ProductPageInfoTest@396ef8b2]" started-at="2025-07-25T08:51:39 IST" name="productImagesCountTest" data-provider="getProductImagesDataFromExcel" finished-at="2025-07-25T08:51:44 IST" duration-ms="5003" status="PASS">
          <params>
            <param index="0">
              <value>
                <![CDATA[macbook]]>
              </value>
            </param>
            <param index="1">
              <value>
                <![CDATA[MacBook Pro]]>
              </value>
            </param>
            <param index="2">
              <value>
                <![CDATA[4]]>
              </value>
            </param>
          </params>
          <reporter-output>
          </reporter-output>
        </test-method> <!-- productImagesCountTest -->
        <test-method signature="productImagesCountTest(java.lang.String, java.lang.String, java.lang.String)[pri:0, instance:com.qa.crm2.tests.ProductPageInfoTest@396ef8b2]" started-at="2025-07-25T08:51:44 IST" name="productImagesCountTest" data-provider="getProductImagesDataFromExcel" finished-at="2025-07-25T08:51:48 IST" duration-ms="4161" status="PASS">
          <params>
            <param index="0">
              <value>
                <![CDATA[imac]]>
              </value>
            </param>
            <param index="1">
              <value>
                <![CDATA[iMac]]>
              </value>
            </param>
            <param index="2">
              <value>
                <![CDATA[3]]>
              </value>
            </param>
          </params>
          <reporter-output>
          </reporter-output>
        </test-method> <!-- productImagesCountTest -->
        <test-method signature="productImagesCountTest(java.lang.String, java.lang.String, java.lang.String)[pri:0, instance:com.qa.crm2.tests.ProductPageInfoTest@396ef8b2]" started-at="2025-07-25T08:51:48 IST" name="productImagesCountTest" data-provider="getProductImagesDataFromExcel" finished-at="2025-07-25T08:51:52 IST" duration-ms="3334" status="PASS">
          <params>
            <param index="0">
              <value>
                <![CDATA[samsung]]>
              </value>
            </param>
            <param index="1">
              <value>
                <![CDATA[Samsung SyncMaster 941BW]]>
              </value>
            </param>
            <param index="2">
              <value>
                <![CDATA[1]]>
              </value>
            </param>
          </params>
          <reporter-output>
          </reporter-output>
        </test-method> <!-- productImagesCountTest -->
        <test-method signature="productImagesCountTest(java.lang.String, java.lang.String, java.lang.String)[pri:0, instance:com.qa.crm2.tests.ProductPageInfoTest@396ef8b2]" started-at="2025-07-25T08:51:52 IST" name="productImagesCountTest" data-provider="getProductImagesDataFromExcel" finished-at="2025-07-25T08:51:54 IST" duration-ms="2768" status="PASS">
          <params>
            <param index="0">
              <value>
                <![CDATA[samsung]]>
              </value>
            </param>
            <param index="1">
              <value>
                <![CDATA[Samsung Galaxy Tab 10.1]]>
              </value>
            </param>
            <param index="2">
              <value>
                <![CDATA[7]]>
              </value>
            </param>
          </params>
          <reporter-output>
          </reporter-output>
        </test-method> <!-- productImagesCountTest -->
        <test-method signature="productImagesCountTest(java.lang.String, java.lang.String, java.lang.String)[pri:0, instance:com.qa.crm2.tests.ProductPageInfoTest@396ef8b2]" started-at="2025-07-25T08:51:54 IST" name="productImagesCountTest" data-provider="getProductImagesDataFromExcel" finished-at="2025-07-25T08:51:58 IST" duration-ms="3191" status="PASS">
          <params>
            <param index="0">
              <value>
                <![CDATA[canon]]>
              </value>
            </param>
            <param index="1">
              <value>
                <![CDATA[Canon EOS 5D]]>
              </value>
            </param>
            <param index="2">
              <value>
                <![CDATA[3]]>
              </value>
            </param>
          </params>
          <reporter-output>
          </reporter-output>
        </test-method> <!-- productImagesCountTest -->
        <test-method signature="productInfoTest()[pri:0, instance:com.qa.crm2.tests.ProductPageInfoTest@396ef8b2]" started-at="2025-07-25T08:51:58 IST" name="productInfoTest" finished-at="2025-07-25T08:52:01 IST" duration-ms="3247" status="PASS">
          <reporter-output>
          </reporter-output>
        </test-method> <!-- productInfoTest -->
        <test-method is-config="true" signature="tearDown()[pri:0, instance:com.qa.crm2.tests.ProductPageInfoTest@396ef8b2]" started-at="2025-07-25T08:52:01 IST" name="tearDown" finished-at="2025-07-25T08:52:01 IST" duration-ms="98" status="PASS">
          <reporter-output>
          </reporter-output>
        </test-method> <!-- tearDown -->
      </class> <!-- com.qa.crm2.tests.ProductPageInfoTest -->
    </test> <!-- Product Info Page Test -->
  </suite> <!-- Open Cart Regression Suite -->
</testng-results>
